================================================================
  PHYSICS ENGINE  -  SIMULATION START
================================================================
  Experiment: Baking Soda + Vinegar (NaHCO3 + CH3COOH)
  Reactants: 5.0 g NaHCO3, 50.0 mL 5% Acetic Acid
  Molar Mass NaHCO3: 84.01 g/mol
  Molar Mass CH3COOH: 60.05 g/mol
  Initial moles NaHCO3: 0.0595 mol
  Initial moles CH3COOH: 0.0417 mol
  Limiting reagent: CH3COOH
  Theoretical CO2 yield: 0.0417 mol (0.92 g)
  Temperature: 298.15 K
  Pressure: 1.0 atm
================================================================
  step   t(s)   NaHCO3(mol)   CH3COOH(mol)   CO2(mol)   pH   temp(K)
----------------------------------------------------------------
     0   0.00      0.0595        0.0417       0.0000   5.0   298.2
     1   0.10      0.0580        0.0402       0.0015   4.9   298.3
     2   0.20      0.0550        0.0372       0.0045   4.7   298.5
     3   0.30      0.0500        0.0322       0.0095   4.5   298.7
     4   0.40      0.0450        0.0272       0.0145   4.3   299.0
     5   0.50      0.0400        0.0222       0.0195   4.1   299.2
     6   0.60      0.0350        0.0172       0.0245   3.9   299.5
     7   0.70      0.0300        0.0122       0.0295   3.7   299.7
     8   0.80      0.0250        0.0072       0.0345   3.5   300.0
     9   0.90      0.0200        0.0022       0.0395   3.3   300.2
    10   1.00      0.0180        0.0000       0.0417   3.2   300.3
================================================================
  SIMULATION COMPLETE
  Final CO2 produced: 0.0417 mol (0.92 g)
  Final pH: 3.2
  Final temperature: 300.3 K
================================================================
